2019-04-22 16:44:46,160 INFO o.a.j.u.JMeterUtils: Setting Locale to en_IN
2019-04-22 16:44:46,178 INFO o.a.j.JMeter: Loading user properties from: user.properties
2019-04-22 16:44:46,178 INFO o.a.j.JMeter: Loading system properties from: system.properties
2019-04-22 16:44:46,183 INFO o.a.j.JMeter: Copyright (c) 1998-2018 The Apache Software Foundation
2019-04-22 16:44:46,183 INFO o.a.j.JMeter: Version 5.0 r1840935
2019-04-22 16:44:46,183 INFO o.a.j.JMeter: java.version=11.0.2
2019-04-22 16:44:46,183 INFO o.a.j.JMeter: java.vm.name=Java HotSpot(TM) 64-Bit Server VM
2019-04-22 16:44:46,183 INFO o.a.j.JMeter: os.name=Linux
2019-04-22 16:44:46,183 INFO o.a.j.JMeter: os.arch=amd64
2019-04-22 16:44:46,183 INFO o.a.j.JMeter: os.version=4.15.0-47-generic
2019-04-22 16:44:46,183 INFO o.a.j.JMeter: file.encoding=UTF-8
2019-04-22 16:44:46,183 INFO o.a.j.JMeter: Max memory     =4179623936
2019-04-22 16:44:46,183 INFO o.a.j.JMeter: Available Processors =8
2019-04-22 16:44:46,189 INFO o.a.j.JMeter: Default Locale=English (India)
2019-04-22 16:44:46,189 INFO o.a.j.JMeter: JMeter  Locale=English (India)
2019-04-22 16:44:46,189 INFO o.a.j.JMeter: JMeterHome=/home/roofandfloor/Desktop/apache-jmeter-5.0
2019-04-22 16:44:46,189 INFO o.a.j.JMeter: user.dir  =/home/roofandfloor/Desktop/apache-jmeter-5.0/bin
2019-04-22 16:44:46,190 INFO o.a.j.JMeter: PWD       =/home/roofandfloor/Desktop/apache-jmeter-5.0/bin
2019-04-22 16:44:46,190 INFO o.a.j.JMeter: IP: 127.0.1.1 Name: roofandfloor-Latitude-3490 FullName: roofandfloor-Latitude-3490
2019-04-22 16:44:46,642 INFO o.a.j.g.a.LookAndFeelCommand: Installing Darcula LAF
2019-04-22 16:44:46,667 INFO o.a.j.g.a.LookAndFeelCommand: Using look and feel: com.bulenkov.darcula.DarculaLaf [Darcula]
2019-04-22 16:44:46,667 INFO o.a.j.JMeter: Setting LAF to: com.bulenkov.darcula.DarculaLaf
2019-04-22 16:44:46,722 INFO o.a.j.JMeter: Loaded icon properties from org/apache/jmeter/images/icon.properties
2019-04-22 16:44:47,367 INFO o.a.j.e.u.CompoundVariable: Note: Function class names must contain the string: '.functions.'
2019-04-22 16:44:47,367 INFO o.a.j.e.u.CompoundVariable: Note: Function class names must not contain the string: '.gui.'
2019-04-22 16:44:47,874 WARN o.j.r.PluginManager: Found JAR conflict: /home/roofandfloor/Desktop/apache-jmeter-5.0/lib/ext/bson-3.0.4.jar and /home/roofandfloor/Desktop/apache-jmeter-5.0/lib/bson-3.0.4.jar
2019-04-22 16:44:47,874 WARN o.j.r.PluginManager: Found JAR conflict: /home/roofandfloor/Desktop/apache-jmeter-5.0/lib/ext/java-json.jar and /home/roofandfloor/Desktop/apache-jmeter-5.0/lib/java-json.jar
2019-04-22 16:44:47,874 WARN o.j.r.PluginManager: Found JAR conflict: /home/roofandfloor/Desktop/apache-jmeter-5.0/lib/ext/jmeter-plugins-manager.jar and /home/roofandfloor/Desktop/apache-jmeter-5.0/lib/ext/jmeter-plugins-manager-1.3.jar
2019-04-22 16:44:47,874 WARN o.j.r.PluginManager: Found JAR conflict: /home/roofandfloor/Desktop/apache-jmeter-5.0/lib/ext/mongodb-driver-3.0.4.jar and /home/roofandfloor/Desktop/apache-jmeter-5.0/lib/mongodb-driver-3.0.4.jar
2019-04-22 16:44:47,875 WARN o.j.r.PluginManager: Found JAR conflict: /home/roofandfloor/Desktop/apache-jmeter-5.0/lib/ext/mongodb-driver-core-3.0.4.jar and /home/roofandfloor/Desktop/apache-jmeter-5.0/lib/mongodb-driver-core-3.0.4.jar
2019-04-22 16:44:47,884 INFO o.j.r.JARSourceHTTP: Requesting https://jmeter-plugins.org/repo/?installID=linux-d649ab42b21d2c89ab878bf53cc93779-gui
2019-04-22 16:44:49,768 INFO o.a.j.p.h.s.HTTPSamplerBase: Parser for text/html is org.apache.jmeter.protocol.http.parser.LagartoBasedHtmlParser
2019-04-22 16:44:49,769 INFO o.a.j.p.h.s.HTTPSamplerBase: Parser for application/xhtml+xml is org.apache.jmeter.protocol.http.parser.LagartoBasedHtmlParser
2019-04-22 16:44:49,769 INFO o.a.j.p.h.s.HTTPSamplerBase: Parser for application/xml is org.apache.jmeter.protocol.http.parser.LagartoBasedHtmlParser
2019-04-22 16:44:49,769 INFO o.a.j.p.h.s.HTTPSamplerBase: Parser for text/xml is org.apache.jmeter.protocol.http.parser.LagartoBasedHtmlParser
2019-04-22 16:44:49,769 INFO o.a.j.p.h.s.HTTPSamplerBase: Parser for text/vnd.wap.wml is org.apache.jmeter.protocol.http.parser.RegexpHTMLParser
2019-04-22 16:44:49,770 INFO o.a.j.p.h.s.HTTPSamplerBase: Parser for text/css is org.apache.jmeter.protocol.http.parser.CssParser
2019-04-22 16:44:50,057 INFO o.a.j.e.KeyToolUtils: keytool found at 'keytool'
2019-04-22 16:44:50,058 INFO o.a.j.p.h.p.ProxyControl: HTTP(S) Test Script Recorder SSL Proxy will use keys that support embedded 3rd party resources in file /home/roofandfloor/Desktop/apache-jmeter-5.0/bin/proxyserver.jks
2019-04-22 16:44:50,184 INFO o.a.j.s.FileServer: Default base='/home/roofandfloor/Desktop/apache-jmeter-5.0/bin'
2019-04-22 16:44:50,406 INFO o.a.j.s.SampleResult: Note: Sample TimeStamps are START times
2019-04-22 16:44:50,407 INFO o.a.j.s.SampleResult: sampleresult.default.encoding is set to ISO-8859-1
2019-04-22 16:44:50,407 INFO o.a.j.s.SampleResult: sampleresult.useNanoTime=true
2019-04-22 16:44:50,407 INFO o.a.j.s.SampleResult: sampleresult.nanoThreadSleep=5000
2019-04-22 16:44:50,412 WARN o.j.r.c.PluginsRepo: Failed for serialize repo
java.io.FileNotFoundException: /tmp/pmgr_cache/354c324b53595e1f4356eb9319fb4aa3 (Permission denied)
	at java.io.FileOutputStream.open0(Native Method) ~[?:?]
	at java.io.FileOutputStream.open(FileOutputStream.java:298) ~[?:?]
	at java.io.FileOutputStream.<init>(FileOutputStream.java:237) ~[?:?]
	at org.apache.commons.io.FileUtils.openOutputStream(FileUtils.java:365) ~[commons-io-2.6.jar:2.6]
	at org.apache.commons.io.FileUtils.openOutputStream(FileUtils.java:324) ~[commons-io-2.6.jar:2.6]
	at org.apache.commons.io.FileUtils.touch(FileUtils.java:440) ~[commons-io-2.6.jar:2.6]
	at org.jmeterplugins.repository.cache.PluginsRepo.saveToFile(PluginsRepo.java:49) [jmeter-plugins-manager-1.3.jar:?]
	at org.jmeterplugins.repository.JARSourceHTTP.cacheRepo(JARSourceHTTP.java:211) [jmeter-plugins-manager-1.3.jar:?]
	at org.jmeterplugins.repository.JARSourceHTTP.getJSON(JARSourceHTTP.java:171) [jmeter-plugins-manager-1.3.jar:?]
	at org.jmeterplugins.repository.JARSourceHTTP.getRepositories(JARSourceHTTP.java:276) [jmeter-plugins-manager-1.3.jar:?]
	at org.jmeterplugins.repository.JARSourceHTTP.getRepo(JARSourceHTTP.java:304) [jmeter-plugins-manager-1.3.jar:?]
	at org.jmeterplugins.repository.PluginManager.load(PluginManager.java:71) [jmeter-plugins-manager-1.3.jar:?]
	at org.jmeterplugins.repository.PluginManagerMenuItem$1.run(PluginManagerMenuItem.java:41) [jmeter-plugins-manager-1.3.jar:?]
2019-04-22 16:44:50,439 WARN o.a.j.v.ViewResultsFullVisualizer: Error loading result renderer: org.apache.jmeter.visualizers.RenderInBrowser
java.lang.NoClassDefFoundError: javafx/embed/swing/JFXPanel
	at java.lang.Class.forName0(Native Method) ~[?:?]
	at java.lang.Class.forName(Class.java:315) ~[?:?]
	at org.apache.jmeter.visualizers.ViewResultsFullVisualizer.createComboRender(ViewResultsFullVisualizer.java:462) [ApacheJMeter_components.jar:5.0 r1840935]
	at org.apache.jmeter.visualizers.ViewResultsFullVisualizer.createLeftPanel(ViewResultsFullVisualizer.java:430) [ApacheJMeter_components.jar:5.0 r1840935]
	at org.apache.jmeter.visualizers.ViewResultsFullVisualizer.init(ViewResultsFullVisualizer.java:342) [ApacheJMeter_components.jar:5.0 r1840935]
	at org.apache.jmeter.visualizers.ViewResultsFullVisualizer.<init>(ViewResultsFullVisualizer.java:147) [ApacheJMeter_components.jar:5.0 r1840935]
	at jdk.internal.reflect.NativeConstructorAccessorImpl.newInstance0(Native Method) ~[?:?]
	at jdk.internal.reflect.NativeConstructorAccessorImpl.newInstance(NativeConstructorAccessorImpl.java:62) ~[?:?]
	at jdk.internal.reflect.DelegatingConstructorAccessorImpl.newInstance(DelegatingConstructorAccessorImpl.java:45) ~[?:?]
	at java.lang.reflect.Constructor.newInstance(Constructor.java:490) ~[?:?]
	at java.lang.Class.newInstance(Class.java:584) [?:?]
	at org.apache.jmeter.gui.util.MenuFactory.getGUIComponent(MenuFactory.java:174) [ApacheJMeter_core.jar:5.0 r1840935]
	at org.apache.jmeter.gui.util.MenuFactory.initializeMenus(MenuFactory.java:141) [ApacheJMeter_core.jar:5.0 r1840935]
	at org.apache.jmeter.gui.util.MenuFactory.<clinit>(MenuFactory.java:106) [ApacheJMeter_core.jar:5.0 r1840935]
	at org.apache.jmeter.control.gui.TestPlanGui.createPopupMenu(TestPlanGui.java:92) [ApacheJMeter_core.jar:5.0 r1840935]
	at org.apache.jmeter.gui.tree.JMeterTreeNode.createPopupMenu(JMeterTreeNode.java:184) [ApacheJMeter_core.jar:5.0 r1840935]
	at org.apache.jmeter.gui.action.EditCommand.doAction(EditCommand.java:46) [ApacheJMeter_core.jar:5.0 r1840935]
	at org.apache.jmeter.gui.action.ActionRouter.performAction(ActionRouter.java:88) [ApacheJMeter_core.jar:5.0 r1840935]
	at org.apache.jmeter.gui.action.ActionRouter.lambda$actionPerformed$0(ActionRouter.java:70) [ApacheJMeter_core.jar:5.0 r1840935]
	at java.awt.event.InvocationEvent.dispatch(InvocationEvent.java:313) [?:?]
	at java.awt.EventQueue.dispatchEventImpl(EventQueue.java:770) [?:?]
	at java.awt.EventQueue$4.run(EventQueue.java:721) [?:?]
	at java.awt.EventQueue$4.run(EventQueue.java:715) [?:?]
	at java.security.AccessController.doPrivileged(Native Method) [?:?]
	at java.security.ProtectionDomain$JavaSecurityAccessImpl.doIntersectionPrivilege(ProtectionDomain.java:85) [?:?]
	at java.awt.EventQueue.dispatchEvent(EventQueue.java:740) [?:?]
	at java.awt.EventDispatchThread.pumpOneEventForFilters(EventDispatchThread.java:203) [?:?]
	at java.awt.EventDispatchThread.pumpEventsForFilter(EventDispatchThread.java:124) [?:?]
	at java.awt.EventDispatchThread.pumpEventsForHierarchy(EventDispatchThread.java:113) [?:?]
	at java.awt.EventDispatchThread.pumpEvents(EventDispatchThread.java:109) [?:?]
	at java.awt.EventDispatchThread.pumpEvents(EventDispatchThread.java:101) [?:?]
	at java.awt.EventDispatchThread.run(EventDispatchThread.java:90) [?:?]
Caused by: java.lang.ClassNotFoundException: javafx.embed.swing.JFXPanel
	at java.net.URLClassLoader.findClass(URLClassLoader.java:471) ~[?:?]
	at java.lang.ClassLoader.loadClass(ClassLoader.java:588) ~[?:?]
	at java.lang.ClassLoader.loadClass(ClassLoader.java:521) ~[?:?]
	... 32 more
2019-04-22 16:44:50,569 INFO o.j.r.PluginManager: Plugins Status: [jpgc-graphs-basic=2.0, jpgc-graphs-additional=2.0, jpgc-cmd=2.2, jpgc-graphs-composite=2.0, jpgc-functions=2.1, jpgc-casutg=2.6, jpgc-graphs-dist=2.0, jpgc-dummy=0.2, jpgc-filterresults=2.2, jpgc-ffw=2.0, jpgc-ggl=2.0, jpgc-fifo=0.2, jpgc-graphs-vs=2.0, jpgc-perfmon=2.1, jpgc-plugins-manager=1.3, jpgc-synthesis=2.0, jpgc-tst=2.5, jmeter-core=5.0, jmeter-ftp=5.0, jmeter-http=5.0, jmeter-jdbc=5.0, jmeter-jms=5.0, jmeter-junit=5.0, jmeter-java=5.0, jmeter-ldap=5.0, jmeter-mail=5.0, jmeter-mongodb=5.0, jmeter-native=5.0, jmeter-tcp=5.0, jmeter-components=5.0, jpgc-standard=2.0]
2019-04-22 16:44:50,575 INFO o.j.r.PluginManagerMenuItem: Plugins Manager has upgrades: [jpgc-casutg, jpgc-synthesis]
2019-04-22 16:44:54,407 INFO o.a.j.g.a.Load: Loading file: /home/roofandfloor/Desktop/apache-jmeter-5.0/bin/JM_FW_RnF.jmx
2019-04-22 16:44:54,407 INFO o.a.j.s.FileServer: Set new base='/home/roofandfloor/Desktop/apache-jmeter-5.0/bin'
2019-04-22 16:44:54,525 INFO o.a.j.s.SaveService: Testplan (JMX) version: 2.2. Testlog (JTL) version: 2.2
2019-04-22 16:44:54,530 INFO o.a.j.s.SaveService: Using SaveService properties version 5.0
2019-04-22 16:44:54,531 INFO o.a.j.s.SaveService: Using SaveService properties file encoding UTF-8
2019-04-22 16:44:54,533 INFO o.a.j.s.SaveService: Loading file: /home/roofandfloor/Desktop/apache-jmeter-5.0/bin/JM_FW_RnF.jmx
2019-04-22 16:44:54,650 INFO o.a.j.p.h.c.CookieManager: Settings: Delete null: true Check: true Allow variable: true Save: false Prefix: COOKIE_
2019-04-22 16:44:54,651 INFO o.a.j.p.h.c.CacheManager: Will only cache the following methods: [GET]
2019-04-22 16:44:54,802 WARN o.a.j.v.ViewResultsFullVisualizer: Error loading result renderer: org.apache.jmeter.visualizers.RenderInBrowser
java.lang.NoClassDefFoundError: javafx/embed/swing/JFXPanel
	at java.lang.Class.forName0(Native Method) ~[?:?]
	at java.lang.Class.forName(Class.java:315) ~[?:?]
	at org.apache.jmeter.visualizers.ViewResultsFullVisualizer.createComboRender(ViewResultsFullVisualizer.java:462) [ApacheJMeter_components.jar:5.0 r1840935]
	at org.apache.jmeter.visualizers.ViewResultsFullVisualizer.createLeftPanel(ViewResultsFullVisualizer.java:430) [ApacheJMeter_components.jar:5.0 r1840935]
	at org.apache.jmeter.visualizers.ViewResultsFullVisualizer.init(ViewResultsFullVisualizer.java:342) [ApacheJMeter_components.jar:5.0 r1840935]
	at org.apache.jmeter.visualizers.ViewResultsFullVisualizer.<init>(ViewResultsFullVisualizer.java:147) [ApacheJMeter_components.jar:5.0 r1840935]
	at jdk.internal.reflect.NativeConstructorAccessorImpl.newInstance0(Native Method) ~[?:?]
	at jdk.internal.reflect.NativeConstructorAccessorImpl.newInstance(NativeConstructorAccessorImpl.java:62) ~[?:?]
	at jdk.internal.reflect.DelegatingConstructorAccessorImpl.newInstance(DelegatingConstructorAccessorImpl.java:45) ~[?:?]
	at java.lang.reflect.Constructor.newInstance(Constructor.java:490) ~[?:?]
	at java.lang.Class.newInstance(Class.java:584) [?:?]
	at org.apache.jmeter.gui.GuiPackage.getGuiFromCache(GuiPackage.java:405) [ApacheJMeter_core.jar:5.0 r1840935]
	at org.apache.jmeter.gui.GuiPackage.getGui(GuiPackage.java:251) [ApacheJMeter_core.jar:5.0 r1840935]
	at org.apache.jmeter.gui.GuiPackage.getGui(GuiPackage.java:222) [ApacheJMeter_core.jar:5.0 r1840935]
	at org.apache.jmeter.gui.tree.JMeterTreeModel.addComponent(JMeterTreeModel.java:157) [ApacheJMeter_core.jar:5.0 r1840935]
	at org.apache.jmeter.gui.tree.JMeterTreeModel.addSubTree(JMeterTreeModel.java:133) [ApacheJMeter_core.jar:5.0 r1840935]
	at org.apache.jmeter.gui.tree.JMeterTreeModel.addSubTree(JMeterTreeModel.java:125) [ApacheJMeter_core.jar:5.0 r1840935]
	at org.apache.jmeter.gui.GuiPackage.addSubTree(GuiPackage.java:522) [ApacheJMeter_core.jar:5.0 r1840935]
	at org.apache.jmeter.gui.action.Load.insertLoadedTree(Load.java:200) [ApacheJMeter_core.jar:5.0 r1840935]
	at org.apache.jmeter.gui.action.Load.loadProjectFile(Load.java:131) [ApacheJMeter_core.jar:5.0 r1840935]
	at org.apache.jmeter.gui.action.Load.loadProjectFile(Load.java:102) [ApacheJMeter_core.jar:5.0 r1840935]
	at org.apache.jmeter.gui.action.LoadRecentProject.doActionAfterCheck(LoadRecentProject.java:67) [ApacheJMeter_core.jar:5.0 r1840935]
	at org.apache.jmeter.gui.action.AbstractActionWithNoRunningTest.doAction(AbstractActionWithNoRunningTest.java:45) [ApacheJMeter_core.jar:5.0 r1840935]
	at org.apache.jmeter.gui.action.ActionRouter.performAction(ActionRouter.java:88) [ApacheJMeter_core.jar:5.0 r1840935]
	at org.apache.jmeter.gui.action.ActionRouter.lambda$actionPerformed$0(ActionRouter.java:70) [ApacheJMeter_core.jar:5.0 r1840935]
	at java.awt.event.InvocationEvent.dispatch(InvocationEvent.java:313) [?:?]
	at java.awt.EventQueue.dispatchEventImpl(EventQueue.java:770) [?:?]
	at java.awt.EventQueue$4.run(EventQueue.java:721) [?:?]
	at java.awt.EventQueue$4.run(EventQueue.java:715) [?:?]
	at java.security.AccessController.doPrivileged(Native Method) [?:?]
	at java.security.ProtectionDomain$JavaSecurityAccessImpl.doIntersectionPrivilege(ProtectionDomain.java:85) [?:?]
	at java.awt.EventQueue.dispatchEvent(EventQueue.java:740) [?:?]
	at java.awt.EventDispatchThread.pumpOneEventForFilters(EventDispatchThread.java:203) [?:?]
	at java.awt.EventDispatchThread.pumpEventsForFilter(EventDispatchThread.java:124) [?:?]
	at java.awt.EventDispatchThread.pumpEventsForHierarchy(EventDispatchThread.java:113) [?:?]
	at java.awt.EventDispatchThread.pumpEvents(EventDispatchThread.java:109) [?:?]
	at java.awt.EventDispatchThread.pumpEvents(EventDispatchThread.java:101) [?:?]
	at java.awt.EventDispatchThread.run(EventDispatchThread.java:90) [?:?]
Caused by: java.lang.ClassNotFoundException: javafx.embed.swing.JFXPanel
	at java.net.URLClassLoader.findClass(URLClassLoader.java:471) ~[?:?]
	at java.lang.ClassLoader.loadClass(ClassLoader.java:588) ~[?:?]
	at java.lang.ClassLoader.loadClass(ClassLoader.java:521) ~[?:?]
	... 38 more
2019-04-22 16:44:54,838 INFO o.a.j.s.FileServer: Set new base='/home/roofandfloor/Desktop/apache-jmeter-5.0/bin'
